2025/07/20 21:33:18 [notice] 1#1: using the "epoll" event method
2025/07/20 21:33:18 [notice] 1#1: nginx/1.29.0
2025/07/20 21:33:18 [notice] 1#1: built by gcc 14.2.0 (Alpine 14.2.0) 
2025/07/20 21:33:18 [notice] 1#1: OS: Linux 5.15.167.4-microsoft-standard-WSL2
2025/07/20 21:33:18 [notice] 1#1: getrlimit(RLIMIT_NOFILE): 1048576:1048576
2025/07/20 21:33:18 [notice] 1#1: start worker processes
2025/07/20 21:33:18 [notice] 1#1: start worker process 29
2025/07/20 21:33:18 [notice] 1#1: start worker process 30
2025/07/20 21:33:18 [notice] 1#1: start worker process 31
2025/07/20 21:33:18 [notice] 1#1: start worker process 32
2025/07/20 21:33:18 [notice] 1#1: start worker process 33
2025/07/20 21:33:18 [notice] 1#1: start worker process 34
2025/07/20 21:33:23 [notice] 1#1: signal 3 (SIGQUIT) received, shutting down
2025/07/20 21:33:23 [notice] 29#29: gracefully shutting down
2025/07/20 21:33:23 [notice] 30#30: gracefully shutting down
2025/07/20 21:33:23 [notice] 31#31: gracefully shutting down
2025/07/20 21:33:23 [notice] 31#31: exiting
2025/07/20 21:33:23 [notice] 32#32: gracefully shutting down
2025/07/20 21:33:23 [notice] 33#33: gracefully shutting down
2025/07/20 21:33:23 [notice] 34#34: gracefully shutting down
2025/07/20 21:33:23 [notice] 29#29: exiting
2025/07/20 21:33:23 [notice] 30#30: exiting
2025/07/20 21:33:23 [notice] 31#31: exit
2025/07/20 21:33:23 [notice] 32#32: exiting
2025/07/20 21:33:23 [notice] 33#33: exiting
2025/07/20 21:33:23 [notice] 34#34: exiting
2025/07/20 21:33:23 [notice] 29#29: exit
2025/07/20 21:33:23 [notice] 30#30: exit
2025/07/20 21:33:23 [notice] 32#32: exit
2025/07/20 21:33:23 [notice] 33#33: exit
2025/07/20 21:33:23 [notice] 34#34: exit
2025/07/20 21:33:23 [notice] 1#1: signal 17 (SIGCHLD) received from 32
2025/07/20 21:33:23 [notice] 1#1: worker process 32 exited with code 0
2025/07/20 21:33:23 [notice] 1#1: signal 29 (SIGIO) received
2025/07/20 21:33:23 [notice] 1#1: signal 17 (SIGCHLD) received from 34
2025/07/20 21:33:23 [notice] 1#1: worker process 30 exited with code 0
2025/07/20 21:33:23 [notice] 1#1: worker process 34 exited with code 0
2025/07/20 21:33:23 [notice] 1#1: signal 29 (SIGIO) received
2025/07/20 21:33:23 [notice] 1#1: signal 17 (SIGCHLD) received from 31
2025/07/20 21:33:23 [notice] 1#1: worker process 29 exited with code 0
2025/07/20 21:33:23 [notice] 1#1: worker process 31 exited with code 0
2025/07/20 21:33:23 [notice] 1#1: worker process 33 exited with code 0
2025/07/20 21:33:23 [notice] 1#1: exit
2025/07/20 21:33:53 [notice] 1#1: using the "epoll" event method
2025/07/20 21:33:53 [notice] 1#1: nginx/1.29.0
2025/07/20 21:33:53 [notice] 1#1: built by gcc 14.2.0 (Alpine 14.2.0) 
2025/07/20 21:33:53 [notice] 1#1: OS: Linux 5.15.167.4-microsoft-standard-WSL2
2025/07/20 21:33:53 [notice] 1#1: getrlimit(RLIMIT_NOFILE): 1048576:1048576
2025/07/20 21:33:53 [notice] 1#1: start worker processes
2025/07/20 21:33:53 [notice] 1#1: start worker process 29
2025/07/20 21:33:53 [notice] 1#1: start worker process 30
2025/07/20 21:33:53 [notice] 1#1: start worker process 31
2025/07/20 21:33:53 [notice] 1#1: start worker process 32
2025/07/20 21:33:53 [notice] 1#1: start worker process 33
2025/07/20 21:33:53 [notice] 1#1: start worker process 34
2025/07/20 21:33:58 [error] 29#29: *1 open() "/usr/share/nginx/html/favicon.ico" failed (2: No such file or directory), client: 172.23.0.1, server: localhost, request: "GET /favicon.ico HTTP/1.1", host: "localhost:8800", referrer: "http://localhost:8800/"
2025/07/20 21:34:07 [error] 29#29: *1 open() "/usr/share/nginx/html/favicon.ico" failed (2: No such file or directory), client: 172.23.0.1, server: localhost, request: "GET /favicon.ico HTTP/1.1", host: "localhost:8800", referrer: "http://localhost:8800/"
2025/07/20 21:36:59 [notice] 1#1: signal 3 (SIGQUIT) received, shutting down
2025/07/20 21:36:59 [notice] 29#29: gracefully shutting down
2025/07/20 21:36:59 [notice] 30#30: gracefully shutting down
2025/07/20 21:36:59 [notice] 31#31: gracefully shutting down
2025/07/20 21:36:59 [notice] 33#33: gracefully shutting down
2025/07/20 21:36:59 [notice] 32#32: gracefully shutting down
2025/07/20 21:36:59 [notice] 34#34: gracefully shutting down
2025/07/20 21:36:59 [notice] 29#29: exiting
2025/07/20 21:36:59 [notice] 30#30: exiting
2025/07/20 21:36:59 [notice] 31#31: exiting
2025/07/20 21:36:59 [notice] 33#33: exiting
2025/07/20 21:36:59 [notice] 32#32: exiting
2025/07/20 21:36:59 [notice] 33#33: exit
2025/07/20 21:36:59 [notice] 34#34: exiting
2025/07/20 21:36:59 [notice] 29#29: exit
2025/07/20 21:36:59 [notice] 30#30: exit
2025/07/20 21:36:59 [notice] 31#31: exit
2025/07/20 21:36:59 [notice] 32#32: exit
2025/07/20 21:36:59 [notice] 34#34: exit
2025/07/20 21:37:00 [notice] 1#1: signal 17 (SIGCHLD) received from 33
2025/07/20 21:37:00 [notice] 1#1: worker process 29 exited with code 0
2025/07/20 21:37:00 [notice] 1#1: worker process 30 exited with code 0
2025/07/20 21:37:00 [notice] 1#1: worker process 31 exited with code 0
2025/07/20 21:37:00 [notice] 1#1: worker process 32 exited with code 0
2025/07/20 21:37:00 [notice] 1#1: worker process 33 exited with code 0
2025/07/20 21:37:00 [notice] 1#1: signal 29 (SIGIO) received
2025/07/20 21:37:00 [notice] 1#1: signal 17 (SIGCHLD) received from 34
2025/07/20 21:37:00 [notice] 1#1: worker process 34 exited with code 0
2025/07/20 21:37:00 [notice] 1#1: exit
2025/07/20 21:37:52 [notice] 1#1: using the "epoll" event method
2025/07/20 21:37:52 [notice] 1#1: nginx/1.29.0
2025/07/20 21:37:52 [notice] 1#1: built by gcc 14.2.0 (Alpine 14.2.0) 
2025/07/20 21:37:52 [notice] 1#1: OS: Linux 5.15.167.4-microsoft-standard-WSL2
2025/07/20 21:37:52 [notice] 1#1: getrlimit(RLIMIT_NOFILE): 1048576:1048576
2025/07/20 21:37:52 [notice] 1#1: start worker processes
2025/07/20 21:37:52 [notice] 1#1: start worker process 29
2025/07/20 21:37:52 [notice] 1#1: start worker process 30
2025/07/20 21:37:52 [notice] 1#1: start worker process 31
2025/07/20 21:37:52 [notice] 1#1: start worker process 32
2025/07/20 21:37:52 [notice] 1#1: start worker process 33
2025/07/20 21:37:52 [notice] 1#1: start worker process 34
2025/07/20 21:37:54 [error] 29#29: *1 open() "/usr/share/nginx/html/favicon.ico" failed (2: No such file or directory), client: 172.23.0.1, server: localhost, request: "GET /favicon.ico HTTP/1.1", host: "localhost:8800", referrer: "http://localhost:8800/"
2025/07/20 21:40:43 [notice] 1#1: signal 3 (SIGQUIT) received, shutting down
2025/07/20 21:40:43 [notice] 29#29: gracefully shutting down
2025/07/20 21:40:43 [notice] 30#30: gracefully shutting down
2025/07/20 21:40:43 [notice] 31#31: gracefully shutting down
2025/07/20 21:40:43 [notice] 33#33: gracefully shutting down
2025/07/20 21:40:43 [notice] 34#34: gracefully shutting down
2025/07/20 21:40:43 [notice] 33#33: exiting
2025/07/20 21:40:43 [notice] 32#32: gracefully shutting down
2025/07/20 21:40:43 [notice] 29#29: exiting
2025/07/20 21:40:43 [notice] 30#30: exiting
2025/07/20 21:40:43 [notice] 31#31: exiting
2025/07/20 21:40:43 [notice] 34#34: exiting
2025/07/20 21:40:43 [notice] 33#33: exit
2025/07/20 21:40:43 [notice] 32#32: exiting
2025/07/20 21:40:43 [notice] 29#29: exit
2025/07/20 21:40:43 [notice] 30#30: exit
2025/07/20 21:40:43 [notice] 31#31: exit
2025/07/20 21:40:43 [notice] 34#34: exit
2025/07/20 21:40:43 [notice] 32#32: exit
2025/07/20 21:40:43 [notice] 1#1: signal 17 (SIGCHLD) received from 30
2025/07/20 21:40:43 [notice] 1#1: worker process 30 exited with code 0
2025/07/20 21:40:43 [notice] 1#1: signal 29 (SIGIO) received
2025/07/20 21:40:43 [notice] 1#1: signal 17 (SIGCHLD) received from 32
2025/07/20 21:40:43 [notice] 1#1: worker process 29 exited with code 0
2025/07/20 21:40:43 [notice] 1#1: worker process 32 exited with code 0
2025/07/20 21:40:43 [notice] 1#1: signal 29 (SIGIO) received
2025/07/20 21:40:43 [notice] 1#1: signal 17 (SIGCHLD) received from 31
2025/07/20 21:40:43 [notice] 1#1: worker process 31 exited with code 0
2025/07/20 21:40:43 [notice] 1#1: signal 29 (SIGIO) received
2025/07/20 21:40:43 [notice] 1#1: signal 17 (SIGCHLD) received from 34
2025/07/20 21:40:43 [notice] 1#1: worker process 34 exited with code 0
2025/07/20 21:40:43 [notice] 1#1: signal 29 (SIGIO) received
2025/07/20 21:40:43 [notice] 1#1: signal 17 (SIGCHLD) received from 33
2025/07/20 21:40:43 [notice] 1#1: worker process 33 exited with code 0
2025/07/20 21:40:43 [notice] 1#1: exit
